Using pre-set license
Built from 'HEAD' branch; Version is '2021.3.15f1c1 (080beb55ecda) revision 527339'; Using compiler version '192829333'; Build Type 'Release'
OS: 'Windows 10  (10.0.19044) 64bit CoreCountrySpecific' Language: 'zh' Physical Memory: 15034 MB
BatchMode: 1, IsHumanControllingUs: 0, StartBugReporterOnCrash: 0, Is64bit: 1, IsPro: 1

COMMAND LINE ARGUMENTS:
E:\unity\2021.3.15f1c1\Editor\Unity.exe
-adb2
-batchMode
-noUpm
-name
AssetImportWorker0
-projectPath
E:/工程实践作业/Git/Enginework/Engineering
-logFile
Logs/AssetImportWorker0.log
-srvPort
29515
Successfully changed project path to: E:/工程实践作业/Git/Enginework/Engineering
E:/工程实践作业/Git/Enginework/Engineering
[UnityMemory] Configuration Parameters - Can be set up in boot.config
    "memorysetup-bucket-allocator-granularity=16"
    "memorysetup-bucket-allocator-bucket-count=8"
    "memorysetup-bucket-allocator-block-size=33554432"
    "memorysetup-bucket-allocator-block-count=8"
    "memorysetup-main-allocator-block-size=16777216"
    "memorysetup-thread-allocator-block-size=16777216"
    "memorysetup-gfx-main-allocator-block-size=16777216"
    "memorysetup-gfx-thread-allocator-block-size=16777216"
    "memorysetup-cache-allocator-block-size=4194304"
    "memorysetup-typetree-allocator-block-size=2097152"
    "memorysetup-profiler-bucket-allocator-granularity=16"
    "memorysetup-profiler-bucket-allocator-bucket-count=8"
    "memorysetup-profiler-bucket-allocator-block-size=33554432"
    "memorysetup-profiler-bucket-allocator-block-count=8"
    "memorysetup-profiler-allocator-block-size=16777216"
    "memorysetup-profiler-editor-allocator-block-size=1048576"
    "memorysetup-temp-allocator-size-main=16777216"
    "memorysetup-job-temp-allocator-block-size=2097152"
    "memorysetup-job-temp-allocator-block-size-background=1048576"
    "memorysetup-job-temp-allocator-reduction-small-platforms=262144"
    "memorysetup-temp-allocator-size-background-worker=32768"
    "memorysetup-temp-allocator-size-job-worker=262144"
    "memorysetup-temp-allocator-size-preload-manager=33554432"
    "memorysetup-temp-allocator-size-nav-mesh-worker=65536"
    "memorysetup-temp-allocator-size-audio-worker=65536"
    "memorysetup-temp-allocator-size-cloud-worker=32768"
    "memorysetup-temp-allocator-size-gi-baking-worker=262144"
    "memorysetup-temp-allocator-size-gfx=262144"
Player connection [21492] Host "[IP] 192.168.136.1 [Port] 0 [Flags] 2 [Guid] 3325860930 [EditorId] 3325860930 [Version] 1048832 [Id] WindowsEditor(7,LAPTOP-1NBQBKQJ) [Debug] 1 [PackageName] WindowsEditor [ProjectName] Editor" joined multi-casting on [225.0.0.222:54997]...

Player connection [21492] Host "[IP] 192.168.136.1 [Port] 0 [Flags] 2 [Guid] 3325860930 [EditorId] 3325860930 [Version] 1048832 [Id] WindowsEditor(7,LAPTOP-1NBQBKQJ) [Debug] 1 [PackageName] WindowsEditor [ProjectName] Editor" joined alternative multi-casting on [225.0.0.222:34997]...

AS: AutoStreaming module initializing.
Refreshing native plugins compatible for Editor in 39.12 ms, found 2 plugins.
Preloading 0 native plugins for Editor in 0.00 ms.
Initialize engine version: 2021.3.15f1c1 (080beb55ecda)
[Subsystems] Discovering subsystems at path E:/unity/2021.3.15f1c1/Editor/Data/Resources/UnitySubsystems
[Subsystems] Discovering subsystems at path E:/工程实践作业/Git/Enginework/Engineering/Assets
GfxDevice: creating device client; threaded=0; jobified=0
Direct3D:
    Version:  Direct3D 11.0 [level 11.1]
    Renderer: NVIDIA GeForce GTX 1660 Ti (ID=0x2191)
    Vendor:   NVIDIA
    VRAM:     5991 MB
    Driver:   30.0.15.1278
Initialize mono
Mono path[0] = 'E:/unity/2021.3.15f1c1/Editor/Data/Managed'
Mono path[1] = 'E:/unity/2021.3.15f1c1/Editor/Data/MonoBleedingEdge/lib/mono/unityjit-win32'
Mono config path = 'E:/unity/2021.3.15f1c1/Editor/Data/MonoBleedingEdge/etc'
Using monoOptions --debugger-agent=transport=dt_socket,embedding=1,server=y,suspend=n,address=127.0.0.1:56668
Begin MonoManager ReloadAssembly
Registering precompiled unity dll's ...
Register platform support module: E:/unity/2021.3.15f1c1/Editor/Data/PlaybackEngines/WindowsStandaloneSupport/UnityEditor.WindowsStandalone.Extensions.dll
Registered in 0.004597 seconds.
Native extension for WindowsStandalone target not found
Refreshing native plugins compatible for Editor in 39.53 ms, found 2 plugins.
Preloading 0 native plugins for Editor in 0.00 ms.
Mono: successfully reloaded assembly
- Completed reload, in  0.748 seconds
Domain Reload Profiling:
	ReloadAssembly (748ms)
		BeginReloadAssembly (135ms)
			ExecutionOrderSort (0ms)
			DisableScriptedObjects (0ms)
			BackupInstance (0ms)
			ReleaseScriptingObjects (0ms)
			CreateAndSetChildDomain (1ms)
		EndReloadAssembly (478ms)
			LoadAssemblies (126ms)
			RebuildTransferFunctionScriptingTraits (0ms)
			SetupTypeCache (113ms)
			ReleaseScriptCaches (0ms)
			RebuildScriptCaches (38ms)
			SetupLoadedEditorAssemblies (262ms)
				LogAssemblyErrors (0ms)
				InitializePlatformSupportModulesInManaged (8ms)
				SetLoadedEditorAssemblies (0ms)
				RefreshPlugins (40ms)
				BeforeProcessingInitializeOnLoad (1ms)
				ProcessInitializeOnLoadAttributes (157ms)
				ProcessInitializeOnLoadMethodAttributes (56ms)
				AfterProcessingInitializeOnLoad (0ms)
				EditorAssembliesLoaded (0ms)
			ExecutionOrderSort2 (0ms)
			AwakeInstancesAfterBackupRestoration (0ms)
Platform modules already initialized, skipping
Registering precompiled user dll's ...
Registered in 0.011888 seconds.
Begin MonoManager ReloadAssembly
Native extension for WindowsStandalone target not found
Refreshing native plugins compatible for Editor in 0.67 ms, found 2 plugins.
Preloading 0 native plugins for Editor in 0.00 ms.
Mono: successfully reloaded assembly
- Completed reload, in  1.325 seconds
Domain Reload Profiling:
	ReloadAssembly (1326ms)
		BeginReloadAssembly (154ms)
			ExecutionOrderSort (0ms)
			DisableScriptedObjects (7ms)
			BackupInstance (0ms)
			ReleaseScriptingObjects (0ms)
			CreateAndSetChildDomain (19ms)
		EndReloadAssembly (1031ms)
			LoadAssemblies (125ms)
			RebuildTransferFunctionScriptingTraits (0ms)
			SetupTypeCache (199ms)
			ReleaseScriptCaches (0ms)
			RebuildScriptCaches (77ms)
			SetupLoadedEditorAssemblies (575ms)
				LogAssemblyErrors (0ms)
				InitializePlatformSupportModulesInManaged (8ms)
				SetLoadedEditorAssemblies (1ms)
				RefreshPlugins (1ms)
				BeforeProcessingInitializeOnLoad (70ms)
				ProcessInitializeOnLoadAttributes (447ms)
				ProcessInitializeOnLoadMethodAttributes (26ms)
				AfterProcessingInitializeOnLoad (22ms)
				EditorAssembliesLoaded (0ms)
			ExecutionOrderSort2 (0ms)
			AwakeInstancesAfterBackupRestoration (13ms)
Platform modules already initialized, skipping
========================================================================
Worker process is ready to serve import requests
Launched and connected shader compiler UnityShaderCompiler.exe after 0.06 seconds
Refreshing native plugins compatible for Editor in 0.49 ms, found 2 plugins.
Preloading 0 native plugins for Editor in 0.00 ms.
Unloading 1844 Unused Serialized files (Serialized files now loaded: 0)
Unloading 32 unused Assets / (129.4 KB). Loaded Objects now: 2311.
Memory consumption went from 82.4 MB to 82.3 MB.
Total: 3.519900 ms (FindLiveObjects: 0.230300 ms CreateObjectMapping: 0.049700 ms MarkObjects: 3.109900 ms  DeleteObjects: 0.128500 ms)

AssetImportParameters requested are different than current active one (requested -> active):
  custom:video-decoder-ogg-theora: a1e56fd34408186e4bbccfd4996cb3dc -> 
  custom:container-muxer-webm: aa71ff27fc2769a1b78a27578f13a17b -> 
  custom:container-demuxer-webm: 4f35f7cbe854078d1ac9338744f61a02 -> 
  custom:video-encoder-webm-vp8: eb34c28f22e8b96e1ab97ce403110664 -> 
  custom:video-codec-MediaFoundation-h265: 746d11721c4dcdbdad8f713fa42b33f4 -> 
  custom:audio-encoder-webm-vorbis: bf7c407c2cedff20999df2af8eb42d56 -> 
  custom:framework-win-MediaFoundation: 216162199b28c13a410421893ffa2e32 -> 
  custom:container-demuxer-ogg: 62fdf1f143b41e24485cea50d1cbac27 -> 
  custom:video-decoder-webm-vp8: 9c59270c3fd7afecdb556c50c9e8de78 -> 
  custom:audio-decoder-ogg-vorbis: bf7c407c2cedff20999df2af8eb42d56 -> 
========================================================================
Received Import Request.
  Time since last request: 100533.422230 seconds.
  path: Assets/Script/QuestHost.cs
  artifactKey: Guid(35ba6d430c713654681a671cb7c2269a) Importer(815301076,1909f56bfc062723c751e8b465ee728b)
Start importing Assets/Script/QuestHost.cs using Guid(35ba6d430c713654681a671cb7c2269a) Importer(815301076,1909f56bfc062723c751e8b465ee728b)  -> (artifact id: '39a42d50fc6054153f1ebd24a434cb68') in 0.042912 seconds 
========================================================================
Received Import Request.
  Time since last request: 382.100150 seconds.
  path: Assets/Script/CharacterQuestHolder.cs
  artifactKey: Guid(9196eef4ca52a694f99b0b5984b03a1e) Importer(815301076,1909f56bfc062723c751e8b465ee728b)
Start importing Assets/Script/CharacterQuestHolder.cs using Guid(9196eef4ca52a694f99b0b5984b03a1e) Importer(815301076,1909f56bfc062723c751e8b465ee728b)  -> (artifact id: 'e2ef01cacb0587574667c95df50a4cb6') in 0.004091 seconds 
========================================================================
Received Prepare
Registering precompiled user dll's ...
Registered in 0.010757 seconds.
Begin MonoManager ReloadAssembly
Native extension for WindowsStandalone target not found
Refreshing native plugins compatible for Editor in 0.42 ms, found 2 plugins.
Preloading 0 native plugins for Editor in 0.00 ms.
Mono: successfully reloaded assembly
- Completed reload, in  1.297 seconds
Domain Reload Profiling:
	ReloadAssembly (1298ms)
		BeginReloadAssembly (213ms)
			ExecutionOrderSort (0ms)
			DisableScriptedObjects (5ms)
			BackupInstance (0ms)
			ReleaseScriptingObjects (0ms)
			CreateAndSetChildDomain (51ms)
		EndReloadAssembly (949ms)
			LoadAssemblies (153ms)
			RebuildTransferFunctionScriptingTraits (0ms)
			SetupTypeCache (180ms)
			ReleaseScriptCaches (1ms)
			RebuildScriptCaches (45ms)
			SetupLoadedEditorAssemblies (554ms)
				LogAssemblyErrors (0ms)
				InitializePlatformSupportModulesInManaged (14ms)
				SetLoadedEditorAssemblies (0ms)
				RefreshPlugins (0ms)
				BeforeProcessingInitializeOnLoad (67ms)
				ProcessInitializeOnLoadAttributes (420ms)
				ProcessInitializeOnLoadMethodAttributes (27ms)
				AfterProcessingInitializeOnLoad (25ms)
				EditorAssembliesLoaded (0ms)
			ExecutionOrderSort2 (0ms)
			AwakeInstancesAfterBackupRestoration (17ms)
Platform modules already initialized, skipping
Refreshing native plugins compatible for Editor in 2.64 ms, found 2 plugins.
Preloading 0 native plugins for Editor in 0.00 ms.
Unloading 1838 Unused Serialized files (Serialized files now loaded: 0)
Unloading 13 unused Assets / (95.3 KB). Loaded Objects now: 2326.
Memory consumption went from 82.2 MB to 82.1 MB.
Total: 3.991800 ms (FindLiveObjects: 0.204700 ms CreateObjectMapping: 0.076000 ms MarkObjects: 3.649100 ms  DeleteObjects: 0.060000 ms)

AssetImportParameters requested are different than current active one (requested -> active):
  custom:video-decoder-ogg-theora: a1e56fd34408186e4bbccfd4996cb3dc -> 
  custom:container-muxer-webm: aa71ff27fc2769a1b78a27578f13a17b -> 
  custom:container-demuxer-webm: 4f35f7cbe854078d1ac9338744f61a02 -> 
  custom:video-encoder-webm-vp8: eb34c28f22e8b96e1ab97ce403110664 -> 
  custom:video-codec-MediaFoundation-h265: 746d11721c4dcdbdad8f713fa42b33f4 -> 
  custom:audio-encoder-webm-vorbis: bf7c407c2cedff20999df2af8eb42d56 -> 
  custom:framework-win-MediaFoundation: 216162199b28c13a410421893ffa2e32 -> 
  custom:container-demuxer-ogg: 62fdf1f143b41e24485cea50d1cbac27 -> 
  custom:video-decoder-webm-vp8: 9c59270c3fd7afecdb556c50c9e8de78 -> 
  custom:audio-decoder-ogg-vorbis: bf7c407c2cedff20999df2af8eb42d56 -> 
========================================================================
Received Prepare
Registering precompiled user dll's ...
Registered in 0.012447 seconds.
Begin MonoManager ReloadAssembly
Native extension for WindowsStandalone target not found
Refreshing native plugins compatible for Editor in 0.53 ms, found 2 plugins.
Preloading 0 native plugins for Editor in 0.00 ms.
Mono: successfully reloaded assembly
- Completed reload, in  1.384 seconds
Domain Reload Profiling:
	ReloadAssembly (1385ms)
		BeginReloadAssembly (193ms)
			ExecutionOrderSort (0ms)
			DisableScriptedObjects (4ms)
			BackupInstance (0ms)
			ReleaseScriptingObjects (0ms)
			CreateAndSetChildDomain (34ms)
		EndReloadAssembly (1057ms)
			LoadAssemblies (156ms)
			RebuildTransferFunctionScriptingTraits (0ms)
			SetupTypeCache (209ms)
			ReleaseScriptCaches (1ms)
			RebuildScriptCaches (62ms)
			SetupLoadedEditorAssemblies (583ms)
				LogAssemblyErrors (0ms)
				InitializePlatformSupportModulesInManaged (16ms)
				SetLoadedEditorAssemblies (1ms)
				RefreshPlugins (1ms)
				BeforeProcessingInitializeOnLoad (69ms)
				ProcessInitializeOnLoadAttributes (440ms)
				ProcessInitializeOnLoadMethodAttributes (29ms)
				AfterProcessingInitializeOnLoad (27ms)
				EditorAssembliesLoaded (0ms)
			ExecutionOrderSort2 (0ms)
			AwakeInstancesAfterBackupRestoration (17ms)
Platform modules already initialized, skipping
Refreshing native plugins compatible for Editor in 2.91 ms, found 2 plugins.
Preloading 0 native plugins for Editor in 0.00 ms.
Unloading 1838 Unused Serialized files (Serialized files now loaded: 0)
Unloading 13 unused Assets / (95.3 KB). Loaded Objects now: 2341.
Memory consumption went from 82.2 MB to 82.1 MB.
Total: 3.018900 ms (FindLiveObjects: 0.158100 ms CreateObjectMapping: 0.040500 ms MarkObjects: 2.769800 ms  DeleteObjects: 0.048800 ms)

AssetImportParameters requested are different than current active one (requested -> active):
  custom:video-decoder-ogg-theora: a1e56fd34408186e4bbccfd4996cb3dc -> 
  custom:container-muxer-webm: aa71ff27fc2769a1b78a27578f13a17b -> 
  custom:container-demuxer-webm: 4f35f7cbe854078d1ac9338744f61a02 -> 
  custom:video-encoder-webm-vp8: eb34c28f22e8b96e1ab97ce403110664 -> 
  custom:video-codec-MediaFoundation-h265: 746d11721c4dcdbdad8f713fa42b33f4 -> 
  custom:audio-encoder-webm-vorbis: bf7c407c2cedff20999df2af8eb42d56 -> 
  custom:framework-win-MediaFoundation: 216162199b28c13a410421893ffa2e32 -> 
  custom:container-demuxer-ogg: 62fdf1f143b41e24485cea50d1cbac27 -> 
  custom:video-decoder-webm-vp8: 9c59270c3fd7afecdb556c50c9e8de78 -> 
  custom:audio-decoder-ogg-vorbis: bf7c407c2cedff20999df2af8eb42d56 -> 
========================================================================
Received Import Request.
  Time since last request: 2630.515486 seconds.
  path: Assets/删除_爱给网_aigei_com.png
  artifactKey: Guid(eede3609983ee3b4984c4d2d5739c6dd) Importer(815301076,1909f56bfc062723c751e8b465ee728b)
Start importing Assets/删除_爱给网_aigei_com.png using Guid(eede3609983ee3b4984c4d2d5739c6dd) Importer(815301076,1909f56bfc062723c751e8b465ee728b)  -> (artifact id: 'e4d91ce918bb55d70039fa9a0430c10c') in 0.086088 seconds 
========================================================================
Received Import Request.
  Time since last request: 84.504350 seconds.
  path: Assets/Sword.fbm/Materials/asaiworrior_zombie_sword.mat
  artifactKey: Guid(ae3cf1dee3c69534eb2752c49f6d88ae) Importer(815301076,1909f56bfc062723c751e8b465ee728b)
Start importing Assets/Sword.fbm/Materials/asaiworrior_zombie_sword.mat using Guid(ae3cf1dee3c69534eb2752c49f6d88ae) Importer(815301076,1909f56bfc062723c751e8b465ee728b)  -> (artifact id: '5460fb102b3c3a32695e4d836eb89c8d') in 0.097995 seconds 
========================================================================
Received Import Request.
  Time since last request: 0.000030 seconds.
  path: Assets/Cartoon Heroes/Female/3D/Legs/Base Legs/Materials/Female_Base_Legs_Dark.mat
  artifactKey: Guid(4ff161389303f114eae07b08a39e436a) Importer(815301076,1909f56bfc062723c751e8b465ee728b)
Start importing Assets/Cartoon Heroes/Female/3D/Legs/Base Legs/Materials/Female_Base_Legs_Dark.mat using Guid(4ff161389303f114eae07b08a39e436a) Importer(815301076,1909f56bfc062723c751e8b465ee728b)  -> (artifact id: 'e0aa33c3d727a031100bd8081acc6124') in 0.056185 seconds 
========================================================================
Received Import Request.
  Time since last request: 0.000036 seconds.
  path: Assets/Cartoon Heroes/Female/3D/Legs/Base Legs/Materials/Female_Base_Legs.mat
  artifactKey: Guid(2b846df07d6cd7f419c6ad82c537ddaf) Importer(815301076,1909f56bfc062723c751e8b465ee728b)
Start importing Assets/Cartoon Heroes/Female/3D/Legs/Base Legs/Materials/Female_Base_Legs.mat using Guid(2b846df07d6cd7f419c6ad82c537ddaf) Importer(815301076,1909f56bfc062723c751e8b465ee728b)  -> (artifact id: '1bf9545343c42bf316c011f6794129b6') in 0.026656 seconds 
========================================================================
Received Import Request.
  Time since last request: 0.000036 seconds.
  path: Assets/Cartoon Heroes/Female/3D/Legs/Base Legs/Materials/Female_Base_Legs_Light.mat
  artifactKey: Guid(42af98c4eab02d744af65586ae07bb75) Importer(815301076,1909f56bfc062723c751e8b465ee728b)
Start importing Assets/Cartoon Heroes/Female/3D/Legs/Base Legs/Materials/Female_Base_Legs_Light.mat using Guid(42af98c4eab02d744af65586ae07bb75) Importer(815301076,1909f56bfc062723c751e8b465ee728b)  -> (artifact id: '7efde032dec3e7807e5d76056ba933c2') in 0.025857 seconds 
========================================================================
Received Import Request.
  Time since last request: 0.000028 seconds.
  path: Assets/Cartoon Heroes/Female/3D/Torsos/Base Torso/Materials/Female_Base_Torso.mat
  artifactKey: Guid(2be6e5be44236bb47bc7dace0bebf82c) Importer(815301076,1909f56bfc062723c751e8b465ee728b)
Start importing Assets/Cartoon Heroes/Female/3D/Torsos/Base Torso/Materials/Female_Base_Torso.mat using Guid(2be6e5be44236bb47bc7dace0bebf82c) Importer(815301076,1909f56bfc062723c751e8b465ee728b)  -> (artifact id: '67dea0d98e118f1c3f29deed92d2b8d5') in 0.033308 seconds 
========================================================================
Received Import Request.
  Time since last request: 36.164979 seconds.
  path: Assets/Cartoon Heroes/Female/3D/Torsos/Base Torso/Materials/Female_Base_Torso_Light.mat
  artifactKey: Guid(dd05f9426540d2c4a8e08a24f11eb8d1) Importer(815301076,1909f56bfc062723c751e8b465ee728b)
Start importing Assets/Cartoon Heroes/Female/3D/Torsos/Base Torso/Materials/Female_Base_Torso_Light.mat using Guid(dd05f9426540d2c4a8e08a24f11eb8d1) Importer(815301076,1909f56bfc062723c751e8b465ee728b)  -> (artifact id: '148e03af08f1ceb0f301e8f0c6fb3e79') in 0.036677 seconds 
========================================================================
Received Import Request.
  Time since last request: 0.593767 seconds.
  path: Assets/Cartoon Heroes/Female/3D/Hairs/Hair_1/Materials/Female_Hair_1_Black.mat
  artifactKey: Guid(faf5825e9adafa5408b7ea38d15dad7a) Importer(815301076,1909f56bfc062723c751e8b465ee728b)
Start importing Assets/Cartoon Heroes/Female/3D/Hairs/Hair_1/Materials/Female_Hair_1_Black.mat using Guid(faf5825e9adafa5408b7ea38d15dad7a) Importer(815301076,1909f56bfc062723c751e8b465ee728b)  -> (artifact id: '1ec1f1598fca8932b24891b596867391') in 0.032190 seconds 
========================================================================
Received Import Request.
  Time since last request: 0.000030 seconds.
  path: Assets/Cartoon Heroes/Female/3D/Hairs/Hair_2/Materials/Female_Hair_2.mat
  artifactKey: Guid(c32d0151827fb0f49ba3f88207543e44) Importer(815301076,1909f56bfc062723c751e8b465ee728b)
Start importing Assets/Cartoon Heroes/Female/3D/Hairs/Hair_2/Materials/Female_Hair_2.mat using Guid(c32d0151827fb0f49ba3f88207543e44) Importer(815301076,1909f56bfc062723c751e8b465ee728b)  -> (artifact id: 'bbe259e8bea9d85895b3ef8e534eed70') in 0.028441 seconds 
========================================================================
Received Import Request.
  Time since last request: 0.057143 seconds.
  path: Assets/Cartoon Heroes/Female/3D/Hairs/Hair_3/Materials/Female_Hair_3_Black.mat
  artifactKey: Guid(59961c0bf1dbbef4796d0dafb4ee32cc) Importer(815301076,1909f56bfc062723c751e8b465ee728b)
Start importing Assets/Cartoon Heroes/Female/3D/Hairs/Hair_3/Materials/Female_Hair_3_Black.mat using Guid(59961c0bf1dbbef4796d0dafb4ee32cc) Importer(815301076,1909f56bfc062723c751e8b465ee728b)  -> (artifact id: '863539aca1c21c6b68f10b6a30b39245') in 0.028013 seconds 
========================================================================
Received Import Request.
  Time since last request: 0.239249 seconds.
  path: Assets/Cartoon Heroes/Female/3D/Hairs/Hair_4/Materials/Female_Hair_4.mat
  artifactKey: Guid(8a658d40236949e4c9b21c3720591c35) Importer(815301076,1909f56bfc062723c751e8b465ee728b)
Start importing Assets/Cartoon Heroes/Female/3D/Hairs/Hair_4/Materials/Female_Hair_4.mat using Guid(8a658d40236949e4c9b21c3720591c35) Importer(815301076,1909f56bfc062723c751e8b465ee728b)  -> (artifact id: 'd3d6b28d3d878532087127318fd4e7c7') in 0.028856 seconds 
========================================================================
Received Import Request.
  Time since last request: 0.077426 seconds.
  path: Assets/Cartoon Heroes/Female/3D/Hairs/Hair_4/Materials/Female_Hair_4_Blond.mat
  artifactKey: Guid(ce2dee04e0edffb40a17c020f2f36611) Importer(815301076,1909f56bfc062723c751e8b465ee728b)
Start importing Assets/Cartoon Heroes/Female/3D/Hairs/Hair_4/Materials/Female_Hair_4_Blond.mat using Guid(ce2dee04e0edffb40a17c020f2f36611) Importer(815301076,1909f56bfc062723c751e8b465ee728b)  -> (artifact id: '8dc66644133c8ca528c2bc82e3d58939') in 0.029270 seconds 
========================================================================
Received Import Request.
  Time since last request: 0.263087 seconds.
  path: Assets/Cartoon Heroes/Female/3D/Legs/Legs_1/Materials/Female_Legs_1_Black.mat
  artifactKey: Guid(ea5518aa8998669448e0248a6e42eb50) Importer(815301076,1909f56bfc062723c751e8b465ee728b)
Start importing Assets/Cartoon Heroes/Female/3D/Legs/Legs_1/Materials/Female_Legs_1_Black.mat using Guid(ea5518aa8998669448e0248a6e42eb50) Importer(815301076,1909f56bfc062723c751e8b465ee728b)  -> (artifact id: '6d922e8342bb7c8a4d8aa96f526ee3d9') in 0.025270 seconds 
========================================================================
Received Import Request.
  Time since last request: 0.043872 seconds.
  path: Assets/Cartoon Heroes/Female/3D/Legs/Legs_1/Materials/Female_Legs_1_Skin.mat
  artifactKey: Guid(a20e7510e6cff0e45be7939a3f97c96b) Importer(815301076,1909f56bfc062723c751e8b465ee728b)
Start importing Assets/Cartoon Heroes/Female/3D/Legs/Legs_1/Materials/Female_Legs_1_Skin.mat using Guid(a20e7510e6cff0e45be7939a3f97c96b) Importer(815301076,1909f56bfc062723c751e8b465ee728b)  -> (artifact id: '2567c46254ff82349fa5b423ee55ba0d') in 0.015669 seconds 
========================================================================
Received Import Request.
  Time since last request: 0.282461 seconds.
  path: Assets/Cartoon Heroes/Female/3D/Legs/Legs_1/Materials/Female_Legs_1_Skin_Dark.mat
  artifactKey: Guid(d669654d82295e441b8e1e47a8658068) Importer(815301076,1909f56bfc062723c751e8b465ee728b)
Start importing Assets/Cartoon Heroes/Female/3D/Legs/Legs_1/Materials/Female_Legs_1_Skin_Dark.mat using Guid(d669654d82295e441b8e1e47a8658068) Importer(815301076,1909f56bfc062723c751e8b465ee728b)  -> (artifact id: '4bbdd8e4e1006f4c6529a149b1585d03') in 0.018195 seconds 
========================================================================
Received Import Request.
  Time since last request: 0.000022 seconds.
  path: Assets/Cartoon Heroes/Female/3D/Legs/Legs_2/Materials/Female_Legs_2_Brown.mat
  artifactKey: Guid(f7a7e64aed780514a91d38782fd2bbfe) Importer(815301076,1909f56bfc062723c751e8b465ee728b)
Start importing Assets/Cartoon Heroes/Female/3D/Legs/Legs_2/Materials/Female_Legs_2_Brown.mat using Guid(f7a7e64aed780514a91d38782fd2bbfe) Importer(815301076,1909f56bfc062723c751e8b465ee728b)  -> (artifact id: 'bae823cd14cb32b2512fd73901d2ba56') in 0.028331 seconds 
========================================================================
Received Import Request.
  Time since last request: 0.061345 seconds.
  path: Assets/Cartoon Heroes/Female/3D/Legs/Legs_3/Materials/Female_Legs_3_Skin_Dark.mat
  artifactKey: Guid(38068334753dcee4995c2c60fc48dcc5) Importer(815301076,1909f56bfc062723c751e8b465ee728b)
Start importing Assets/Cartoon Heroes/Female/3D/Legs/Legs_3/Materials/Female_Legs_3_Skin_Dark.mat using Guid(38068334753dcee4995c2c60fc48dcc5) Importer(815301076,1909f56bfc062723c751e8b465ee728b)  -> (artifact id: 'cbf118c13e69c8cd97ec2203a612899b') in 0.026478 seconds 
========================================================================
Received Import Request.
  Time since last request: 0.243837 seconds.
  path: Assets/Cartoon Heroes/Female/3D/Torsos/Torso_1/Materials/Female_Torso_1_Green.mat
  artifactKey: Guid(26889b2f294a8a74a865631bc0dff45d) Importer(815301076,1909f56bfc062723c751e8b465ee728b)
Start importing Assets/Cartoon Heroes/Female/3D/Torsos/Torso_1/Materials/Female_Torso_1_Green.mat using Guid(26889b2f294a8a74a865631bc0dff45d) Importer(815301076,1909f56bfc062723c751e8b465ee728b)  -> (artifact id: 'd5879d2c80d325a37d1b4a79879c1691') in 0.026603 seconds 
========================================================================
Received Import Request.
  Time since last request: 0.000026 seconds.
  path: Assets/Cartoon Heroes/Female/3D/Torsos/Torso_1/Materials/Female_Torso_1_Skin.mat
  artifactKey: Guid(1f4eb2ee258d00f46b7e2c217f2996eb) Importer(815301076,1909f56bfc062723c751e8b465ee728b)
Start importing Assets/Cartoon Heroes/Female/3D/Torsos/Torso_1/Materials/Female_Torso_1_Skin.mat using Guid(1f4eb2ee258d00f46b7e2c217f2996eb) Importer(815301076,1909f56bfc062723c751e8b465ee728b)  -> (artifact id: '6ea05e8b16ba705a5c6baf0af6f18f0f') in 0.022346 seconds 
========================================================================
Received Import Request.
  Time since last request: 0.339224 seconds.
  path: Assets/Cartoon Heroes/Female/3D/Torsos/Torso_1/Materials/Female_Torso_1_Skin_Light.mat
  artifactKey: Guid(c4fdb086805e2364bb9eee9da1f6981f) Importer(815301076,1909f56bfc062723c751e8b465ee728b)
Start importing Assets/Cartoon Heroes/Female/3D/Torsos/Torso_1/Materials/Female_Torso_1_Skin_Light.mat using Guid(c4fdb086805e2364bb9eee9da1f6981f) Importer(815301076,1909f56bfc062723c751e8b465ee728b)  -> (artifact id: '60934760ff8f8bbbc9c0042ae6102701') in 0.020160 seconds 
========================================================================
Received Import Request.
  Time since last request: 0.254317 seconds.
  path: Assets/Cartoon Heroes/Female/3D/Torsos/Torso_2/Materials/Female_Torso_2_Blue.mat
  artifactKey: Guid(b51421c6a4ea7ac4895dc01f52a1901c) Importer(815301076,1909f56bfc062723c751e8b465ee728b)
Start importing Assets/Cartoon Heroes/Female/3D/Torsos/Torso_2/Materials/Female_Torso_2_Blue.mat using Guid(b51421c6a4ea7ac4895dc01f52a1901c) Importer(815301076,1909f56bfc062723c751e8b465ee728b)  -> (artifact id: 'bc4fd856d3c6df773de8fb450bcf1e6e') in 0.022501 seconds 
========================================================================
Received Import Request.
  Time since last request: 0.082201 seconds.
  path: Assets/Cartoon Heroes/Female/3D/Torsos/Torso_2/Materials/Female_Torso_2_Red.mat
  artifactKey: Guid(66890726b3c012448b88441882d6efc0) Importer(815301076,1909f56bfc062723c751e8b465ee728b)
Start importing Assets/Cartoon Heroes/Female/3D/Torsos/Torso_2/Materials/Female_Torso_2_Red.mat using Guid(66890726b3c012448b88441882d6efc0) Importer(815301076,1909f56bfc062723c751e8b465ee728b)  -> (artifact id: '140e4d79651ddcd281d7ae52e53d1a29') in 0.029336 seconds 
========================================================================
Received Import Request.
  Time since last request: 0.933695 seconds.
  path: Assets/Cartoon Heroes/Female/3D/Torsos/Torso_2/Materials/Female_Torso_2_Yellow.mat
  artifactKey: Guid(7d8a3324128cefb4c9079c7e9ee05c54) Importer(815301076,1909f56bfc062723c751e8b465ee728b)
Start importing Assets/Cartoon Heroes/Female/3D/Torsos/Torso_2/Materials/Female_Torso_2_Yellow.mat using Guid(7d8a3324128cefb4c9079c7e9ee05c54) Importer(815301076,1909f56bfc062723c751e8b465ee728b)  -> (artifact id: 'e1ecee300ac7fea32e93b83c58d3fd41') in 0.027948 seconds 
========================================================================
Received Import Request.
  Time since last request: 0.020169 seconds.
  path: Assets/Cartoon Heroes/Female/3D/Torsos/Torso_3/Materials/Female_Torso_3_Skin_Dark.mat
  artifactKey: Guid(8a29e495fdc66de448285d98bc2e0cab) Importer(815301076,1909f56bfc062723c751e8b465ee728b)
Start importing Assets/Cartoon Heroes/Female/3D/Torsos/Torso_3/Materials/Female_Torso_3_Skin_Dark.mat using Guid(8a29e495fdc66de448285d98bc2e0cab) Importer(815301076,1909f56bfc062723c751e8b465ee728b)  -> (artifact id: '8744310a44b9fabda9080cdc194609d0') in 0.025798 seconds 
========================================================================
Received Import Request.
  Time since last request: 0.000030 seconds.
  path: Assets/Cartoon Heroes/Female/3D/Torsos/Torso_3/Materials/Female_Torso_3_Skin_Light.mat
  artifactKey: Guid(995fa9817298ca545bc26a3f375b925b) Importer(815301076,1909f56bfc062723c751e8b465ee728b)
Start importing Assets/Cartoon Heroes/Female/3D/Torsos/Torso_3/Materials/Female_Torso_3_Skin_Light.mat using Guid(995fa9817298ca545bc26a3f375b925b) Importer(815301076,1909f56bfc062723c751e8b465ee728b)  -> (artifact id: '8b83aa405f51dc2beea7b04a1de08646') in 0.021886 seconds 
========================================================================
Received Import Request.
  Time since last request: 0.003223 seconds.
  path: Assets/Cartoon Heroes/Male/3D/Legs/Base Legs/Materials/Male_Base_Legs.mat
  artifactKey: Guid(23196e6ae5105fa43b40a378c01b1683) Importer(815301076,1909f56bfc062723c751e8b465ee728b)
Start importing Assets/Cartoon Heroes/Male/3D/Legs/Base Legs/Materials/Male_Base_Legs.mat using Guid(23196e6ae5105fa43b40a378c01b1683) Importer(815301076,1909f56bfc062723c751e8b465ee728b)  -> (artifact id: '6e815e9beecbd6c2e4fa88d0756da5db') in 0.031192 seconds 
========================================================================
Received Import Request.
  Time since last request: 0.051949 seconds.
  path: Assets/Cartoon Heroes/Male/3D/Legs/Base Legs/Materials/Male_Base_Legs_Light.mat
  artifactKey: Guid(f7eb11e091042684182d66076672e377) Importer(815301076,1909f56bfc062723c751e8b465ee728b)
Start importing Assets/Cartoon Heroes/Male/3D/Legs/Base Legs/Materials/Male_Base_Legs_Light.mat using Guid(f7eb11e091042684182d66076672e377) Importer(815301076,1909f56bfc062723c751e8b465ee728b)  -> (artifact id: 'ade2c164443b01e20b1e3c60e5f22961') in 0.026769 seconds 
========================================================================
Received Import Request.
  Time since last request: 0.000029 seconds.
  path: Assets/Cartoon Heroes/Male/3D/Hairs/Hair_1/Materials/Male_Hair_1.mat
  artifactKey: Guid(780edec6694115d46b5cedff31487a70) Importer(815301076,1909f56bfc062723c751e8b465ee728b)
Start importing Assets/Cartoon Heroes/Male/3D/Hairs/Hair_1/Materials/Male_Hair_1.mat using Guid(780edec6694115d46b5cedff31487a70) Importer(815301076,1909f56bfc062723c751e8b465ee728b)  -> (artifact id: 'c6ad6de952f65571041c8c91d412386b') in 0.022202 seconds 
========================================================================
Received Import Request.
  Time since last request: 0.000027 seconds.
  path: Assets/Cartoon Heroes/Male/3D/Hairs/Hair_2/Materials/Male_Hair_2.mat
  artifactKey: Guid(409155a311846ee44a995766d35a6341) Importer(815301076,1909f56bfc062723c751e8b465ee728b)
Start importing Assets/Cartoon Heroes/Male/3D/Hairs/Hair_2/Materials/Male_Hair_2.mat using Guid(409155a311846ee44a995766d35a6341) Importer(815301076,1909f56bfc062723c751e8b465ee728b)  -> (artifact id: '00ecc55a53114b940b46df0ccd3902d8') in 0.023276 seconds 
========================================================================
Received Import Request.
  Time since last request: 0.000031 seconds.
  path: Assets/Cartoon Heroes/Male/3D/Hairs/Hair_2/Materials/Male_Hair_2_Blonde.mat
  artifactKey: Guid(af88f57f60f5dec468277d3b143f7179) Importer(815301076,1909f56bfc062723c751e8b465ee728b)
Start importing Assets/Cartoon Heroes/Male/3D/Hairs/Hair_2/Materials/Male_Hair_2_Blonde.mat using Guid(af88f57f60f5dec468277d3b143f7179) Importer(815301076,1909f56bfc062723c751e8b465ee728b)  -> (artifact id: '43bc374e0e9c795f73a480e6c45486cb') in 0.026341 seconds 
========================================================================
Received Import Request.
  Time since last request: 0.024234 seconds.
  path: Assets/Cartoon Heroes/Male/3D/Hairs/Hair_3/Materials/Male_Hair_3_Blond.mat
  artifactKey: Guid(a4c26117dbf37a34a80066325bfb05fd) Importer(815301076,1909f56bfc062723c751e8b465ee728b)
Start importing Assets/Cartoon Heroes/Male/3D/Hairs/Hair_3/Materials/Male_Hair_3_Blond.mat using Guid(a4c26117dbf37a34a80066325bfb05fd) Importer(815301076,1909f56bfc062723c751e8b465ee728b)  -> (artifact id: '9a5cf8e338f7af87d05a1e7918df8de9') in 0.034541 seconds 
========================================================================
Received Import Request.
  Time since last request: 0.000041 seconds.
  path: Assets/Cartoon Heroes/Male/3D/Heads/Head_2/Materials/Male_Head_2.mat
  artifactKey: Guid(61a3b559664a8db4cbfdfd415b46ed7f) Importer(815301076,1909f56bfc062723c751e8b465ee728b)
Start importing Assets/Cartoon Heroes/Male/3D/Heads/Head_2/Materials/Male_Head_2.mat using Guid(61a3b559664a8db4cbfdfd415b46ed7f) Importer(815301076,1909f56bfc062723c751e8b465ee728b)  -> (artifact id: '1ae0e1c7efd5708187f2ab557c23de05') in 0.027558 seconds 
========================================================================
Received Import Request.
  Time since last request: 0.000030 seconds.
  path: Assets/Cartoon Heroes/Male/3D/Legs/Legs_2/Materials/Male_Legs_2_Brown.mat
  artifactKey: Guid(a8da38c631b457644976e7c700997dfa) Importer(815301076,1909f56bfc062723c751e8b465ee728b)
Start importing Assets/Cartoon Heroes/Male/3D/Legs/Legs_2/Materials/Male_Legs_2_Brown.mat using Guid(a8da38c631b457644976e7c700997dfa) Importer(815301076,1909f56bfc062723c751e8b465ee728b)  -> (artifact id: '7a08d580ecf763e854a0577b9c39be36') in 0.025077 seconds 
========================================================================
Received Import Request.
  Time since last request: 0.017999 seconds.
  path: Assets/Cartoon Heroes/Male/3D/Legs/Legs_3/Materials/Male_Legs_3_Brown.mat
  artifactKey: Guid(e769fe3895b984d4a937a936f94e8c05) Importer(815301076,1909f56bfc062723c751e8b465ee728b)
Start importing Assets/Cartoon Heroes/Male/3D/Legs/Legs_3/Materials/Male_Legs_3_Brown.mat using Guid(e769fe3895b984d4a937a936f94e8c05) Importer(815301076,1909f56bfc062723c751e8b465ee728b)  -> (artifact id: 'eb07f249cd55b8896036630f80717e40') in 0.020720 seconds 
========================================================================
Received Import Request.
  Time since last request: 0.023584 seconds.
  path: Assets/Cartoon Heroes/Male/3D/Torsos/Torso_1/Materials/Male_Torso_1_Green.mat
  artifactKey: Guid(62a60473b9d13bc43952441c4cfa8e0a) Importer(815301076,1909f56bfc062723c751e8b465ee728b)
Start importing Assets/Cartoon Heroes/Male/3D/Torsos/Torso_1/Materials/Male_Torso_1_Green.mat using Guid(62a60473b9d13bc43952441c4cfa8e0a) Importer(815301076,1909f56bfc062723c751e8b465ee728b)  -> (artifact id: '09d039fd2398261a9463e97c77ac71bc') in 0.026501 seconds 
========================================================================
Received Import Request.
  Time since last request: 0.021800 seconds.
  path: Assets/Cartoon Heroes/Male/3D/Torsos/Torso_1/Materials/Male_Torso_1_Skin_Light.mat
  artifactKey: Guid(43696d17fd476f64b9e9cd9a66c61855) Importer(815301076,1909f56bfc062723c751e8b465ee728b)
Start importing Assets/Cartoon Heroes/Male/3D/Torsos/Torso_1/Materials/Male_Torso_1_Skin_Light.mat using Guid(43696d17fd476f64b9e9cd9a66c61855) Importer(815301076,1909f56bfc062723c751e8b465ee728b)  -> (artifact id: '1a7b21aaf19a7b67af3f2dd0523c57b6') in 0.017166 seconds 
========================================================================
Received Import Request.
  Time since last request: 0.000030 seconds.
  path: Assets/Cartoon Heroes/Male/3D/Torsos/Torso_2/Materials/Male_Torso_2_Green.mat
  artifactKey: Guid(624fccd252a104d4f9a55cd6fcf85ed2) Importer(815301076,1909f56bfc062723c751e8b465ee728b)
Start importing Assets/Cartoon Heroes/Male/3D/Torsos/Torso_2/Materials/Male_Torso_2_Green.mat using Guid(624fccd252a104d4f9a55cd6fcf85ed2) Importer(815301076,1909f56bfc062723c751e8b465ee728b)  -> (artifact id: '5de69cbf0280a4ce60f7159ffe8e969e') in 0.023125 seconds 
========================================================================
Received Import Request.
  Time since last request: 0.000038 seconds.
  path: Assets/Cartoon Heroes/Male/3D/Torsos/Torso_2/Materials/Male_Torso_2_Skin.mat
  artifactKey: Guid(7be2f6e0a2d76d14f9f522f2c2b22809) Importer(815301076,1909f56bfc062723c751e8b465ee728b)
Start importing Assets/Cartoon Heroes/Male/3D/Torsos/Torso_2/Materials/Male_Torso_2_Skin.mat using Guid(7be2f6e0a2d76d14f9f522f2c2b22809) Importer(815301076,1909f56bfc062723c751e8b465ee728b)  -> (artifact id: '4e4d69cd5ca3700b177e191a781f4146') in 0.018712 seconds 
========================================================================
Received Import Request.
  Time since last request: 0.000026 seconds.
  path: Assets/Cartoon Heroes/Male/3D/Torsos/Torso_3/Materials/Male_Torso_3_Skin_Light.mat
  artifactKey: Guid(b2d892d9d11efc4459aae41c70799123) Importer(815301076,1909f56bfc062723c751e8b465ee728b)
Start importing Assets/Cartoon Heroes/Male/3D/Torsos/Torso_3/Materials/Male_Torso_3_Skin_Light.mat using Guid(b2d892d9d11efc4459aae41c70799123) Importer(815301076,1909f56bfc062723c751e8b465ee728b)  -> (artifact id: '5d45bd9bb19a34235d22eaf2eae92511') in 0.019878 seconds 
========================================================================
Received Import Request.
  Time since last request: 0.000027 seconds.
  path: Assets/Cartoon Heroes/Male/3D/Torsos/Torso_3/Materials/Male_Torso_3_Red.mat
  artifactKey: Guid(25f2cceb2a04952488e0ca7a42f2411a) Importer(815301076,1909f56bfc062723c751e8b465ee728b)
Start importing Assets/Cartoon Heroes/Male/3D/Torsos/Torso_3/Materials/Male_Torso_3_Red.mat using Guid(25f2cceb2a04952488e0ca7a42f2411a) Importer(815301076,1909f56bfc062723c751e8b465ee728b)  -> (artifact id: '3f917dc7c2aca9689443bf7ef0c9a97b') in 0.017829 seconds 
========================================================================
Received Import Request.
  Time since last request: 0.000028 seconds.
  path: Assets/Cartoon Heroes/Male/3D/Torsos/Torso_3/Materials/Male_Torso_3_Blue.mat
  artifactKey: Guid(37bcbdfc82c10ac4eba9464ac59c7218) Importer(815301076,1909f56bfc062723c751e8b465ee728b)
Start importing Assets/Cartoon Heroes/Male/3D/Torsos/Torso_3/Materials/Male_Torso_3_Blue.mat using Guid(37bcbdfc82c10ac4eba9464ac59c7218) Importer(815301076,1909f56bfc062723c751e8b465ee728b)  -> (artifact id: '6a9dde496f3450d9a3e879fa7d69fab3') in 0.020443 seconds 
========================================================================
Received Import Request.
  Time since last request: 0.000036 seconds.
  path: Assets/Cartoon Heroes/Weapons/Sword_3/3D/Materials/Sword_3.mat
  artifactKey: Guid(d1a93b25b1bc9064eb6cd608132e162f) Importer(815301076,1909f56bfc062723c751e8b465ee728b)
Start importing Assets/Cartoon Heroes/Weapons/Sword_3/3D/Materials/Sword_3.mat using Guid(d1a93b25b1bc9064eb6cd608132e162f) Importer(815301076,1909f56bfc062723c751e8b465ee728b)  -> (artifact id: '1035f5c5ae1518399e169cb2bd273dba') in 0.011114 seconds 
========================================================================
Received Import Request.
  Time since last request: 0.000026 seconds.
  path: Assets/Cartoon Heroes/Weapons/Sword_2/3D/Materials/Sword_2_Yellow.mat
  artifactKey: Guid(2706ff3c7561e24428805984b884cdc9) Importer(815301076,1909f56bfc062723c751e8b465ee728b)
Start importing Assets/Cartoon Heroes/Weapons/Sword_2/3D/Materials/Sword_2_Yellow.mat using Guid(2706ff3c7561e24428805984b884cdc9) Importer(815301076,1909f56bfc062723c751e8b465ee728b)  -> (artifact id: 'b774a859cd9f5ab26034bed37293c6b9') in 0.022242 seconds 
========================================================================
Received Import Request.
  Time since last request: 0.000046 seconds.
  path: Assets/Cartoon Heroes/Weapons/Sword_4/3D/Materials/Sword_4.mat
  artifactKey: Guid(7bd089d404a9824449069cbc756969cc) Importer(815301076,1909f56bfc062723c751e8b465ee728b)
Start importing Assets/Cartoon Heroes/Weapons/Sword_4/3D/Materials/Sword_4.mat using Guid(7bd089d404a9824449069cbc756969cc) Importer(815301076,1909f56bfc062723c751e8b465ee728b)  -> (artifact id: '919c34bea5ad53d0a16c1f42e8ae62b3') in 0.013862 seconds 
========================================================================
Received Import Request.
  Time since last request: 0.000029 seconds.
  path: Assets/Cartoon Heroes/Weapons/Sword_4/3D/Materials/Sword_4_Gray.mat
  artifactKey: Guid(567546ca9ad72904ba7d62da3ee14235) Importer(815301076,1909f56bfc062723c751e8b465ee728b)
Start importing Assets/Cartoon Heroes/Weapons/Sword_4/3D/Materials/Sword_4_Gray.mat using Guid(567546ca9ad72904ba7d62da3ee14235) Importer(815301076,1909f56bfc062723c751e8b465ee728b)  -> (artifact id: 'cc1bbc4fe512ff4d93fe1cd61cb323bf') in 0.025551 seconds 
Editor requested this worker to shutdown with reason: Scaling down because of idle timeout
AssetImportWorker is now disconnected from the server
Process exiting
Exiting without the bug reporter. Application will terminate with return code 0